		      Description   : Generic EMV Smartcard Reader]=1 
		      InstanceID    : USB\VID_058F&PID_9540\7&21809D95&0&1]=1 
		      Name          : Alcor Micro USB Smart Card Reader]=1 
		      ProductID     : 38208]=1 
		      VendorID      : 1423]=1 
		Device [1:1:1]]=1 
	      Description   :  ]=1 
	      Description   : PHYIO PHYIO USB3014TB]=1 
	      Description   : ]=1 
	      InstanceID    : USB\VID_0000&PID_0002\6&184C5BFA&0&3]=1 
	      InstanceID    : USB\VID_FF68&PID_FF68\6&184C5BFA&0&1]=1 
	      Name          : PHIYO USB3014TB]=1 
	      Name          : Unknown USB Device (Device Descriptor Request Failed)]=1 
	      ProductID     : 0]=1 
	      ProductID     : 65384]=1 
	      Serial Number : n/a]=1 
	      VendorID      : 0]=1 
	      VendorID      : 65384]=1 
	Device [2:1]]=1 
	Device [2:3]]=1 
	Hub [2:2] Generic USB Hub]=1 
	Hub [2:6] Generic SuperSpeed USB Hub]=1 
	Hub [2:7] Generic SuperSpeed USB Hub]=1 
